<?xml version="1.0" encoding="UTF-8"?>
<testng-results skipped="0" failed="0" ignored="0" total="1" passed="1">
  <reporter-output>
  </reporter-output>
  <suite name="Surefire suite" duration-ms="10254" started-at="2021-09-11T11:43:50Z" finished-at="2021-09-11T11:44:01Z">
    <groups>
      <group name="cucumber">
        <method signature="AbstractTestNGCucumberTests.runScenario(cucumber.api.testng.PickleEventWrapper, cucumber.api.testng.CucumberFeatureWrapper)[pri:0, instance:Parallel03IT@724af044]" name="runScenario" class="cucumber.api.testng.AbstractTestNGCucumberTests"/>
      </group> <!-- cucumber -->
    </groups>
    <test name="Surefire test" duration-ms="10254" started-at="2021-09-11T11:43:50Z" finished-at="2021-09-11T11:44:01Z">
      <class name="Parallel03IT">
        <test-method status="PASS" signature="setUpClass()[pri:0, instance:Parallel03IT@724af044]" name="setUpClass" is-config="true" duration-ms="280" started-at="2021-09-11T11:43:51Z" finished-at="2021-09-11T11:43:51Z">
          <reporter-output>
          </reporter-output>
        </test-method> <!-- setUpClass -->
        <test-method status="PASS" signature="runScenario(cucumber.api.testng.PickleEventWrapper, cucumber.api.testng.CucumberFeatureWrapper)[pri:0, instance:Parallel03IT@724af044]" name="runScenario" duration-ms="9794" started-at="2021-09-11T11:43:51Z" description="Runs Cucumber Scenarios" data-provider="scenarios" finished-at="2021-09-11T11:44:01Z">
          <params>
            <param index="0">
              <value>
                <![CDATA["Update users"]]>
              </value>
            </param>
            <param index="1">
              <value>
                <![CDATA["Endpoint Tests"]]>
              </value>
            </param>
          </params>
          <reporter-output>
          </reporter-output>
        </test-method> <!-- runScenario -->
        <test-method status="PASS" signature="tearDownClass()[pri:0, instance:Parallel03IT@724af044]" name="tearDownClass" is-config="true" duration-ms="60" started-at="2021-09-11T11:44:01Z" finished-at="2021-09-11T11:44:01Z">
          <reporter-output>
          </reporter-output>
        </test-method> <!-- tearDownClass -->
      </class> <!-- Parallel03IT -->
    </test> <!-- Surefire test -->
  </suite> <!-- Surefire suite -->
</testng-results>
